11:26:00.243 [main] ERROR resources.base - User Is Not Being Able To Login
11:26:00.253 [main] ERROR resources.base - expected [Shop - MarkITplace] but found []
11:36:20.459 [main] INFO  resources.base - User Have Successfully Login To The Home Page
11:50:51.091 [main] INFO  resources.base - Compare Page not reached
03:36:02.748 [main] INFO  resources.base - user is searching printer using the search textbox
03:36:22.759 [main] INFO  resources.base - User Have Successfully reached the printer search listing page
03:36:24.778 [main] INFO  resources.base - Search result data is Appearing on the Search Result Page
03:36:41.914 [main] INFO  resources.base - User Have Successfully reached the PDP Page
03:36:47.175 [main] INFO  resources.base - Recently Viewed Page is Opened
03:36:57.939 [main] INFO  resources.base - User has clicked the Logo from the footer of the page
03:36:57.946 [main] INFO  resources.base - User Have reached the Home Page clicking on the footer Logo
03:37:07.715 [main] INFO  resources.base - User has clicked on the My Profile page from My Account dropdown
03:37:07.720 [main] INFO  resources.base - User has clicked on the My Profile page from My Account dropdown
03:37:14.493 [main] INFO  resources.base - User has clicked on the My Profile page from My Account dropdown
03:37:22.652 [main] INFO  resources.base - User has clicked the Logo from the header of the page
03:37:22.657 [main] INFO  resources.base - User Have reached the Home Page clicking on the Header Logo
03:37:30.311 [main] INFO  resources.base - User has clicked on the Standard Catalog Navigation button from header
03:37:36.317 [main] INFO  resources.base - User Have reached the Standard Catalog Page
03:37:59.298 [main] INFO  resources.base - User has clicked on the 1st Standard Product appearing and reached the PDP Page
03:38:16.657 [main] INFO  resources.base - User has clicked on All Product Nevigation button from the header
03:38:21.664 [main] INFO  resources.base - User Have reached the All Product Page
03:38:51.820 [main] INFO  resources.base - User has clicked on Audio Cables Category From All Products Page
03:38:51.828 [main] INFO  resources.base - User Have reached the Audio Cables Category Page
03:39:05.940 [main] INFO  resources.base - User has clicked on Resouces link from the header
03:39:05.949 [main] INFO  resources.base - User Have reached the Resources Page
03:39:15.513 [main] INFO  resources.base - User has clicked on Special Offer Link from the header
03:39:15.520 [main] INFO  resources.base - User Have reached the Special Offer Page
03:39:24.625 [main] INFO  resources.base - User has clicked on Cart Icon from the header
03:39:24.634 [main] INFO  resources.base - User Have reached the Shopping Cart Page
03:39:31.476 [main] INFO  resources.base - User has clicked on the Standard Catalog Link from the footer of the page
03:39:31.487 [main] INFO  resources.base - User Have reached the Standard Product page after clicking on the Standard Catalog Link from the footer of the page
03:39:36.354 [main] INFO  resources.base - User has clicked on the All product Link from the footer of the page
03:39:36.360 [main] INFO  resources.base - User Have reached the All Product page after clicking on the Standard Catalog Link from the footer of the page
03:39:47.267 [main] INFO  resources.base - User has clicked on the resources  Link from the footer of the page
03:39:47.283 [main] INFO  resources.base - User Have reached the resources page after clicking on the resources Link from the footer of the page
03:39:55.346 [main] INFO  resources.base - User has clicked on the Special offer Link from the footer of the page
03:39:55.357 [main] INFO  resources.base - User Have reached the Special offer after clicking on the Special offer Link from the footer of the page
03:40:03.221 [main] INFO  resources.base - User has clicked on the Special offer Link from the footer of the page
03:40:03.221 [main] INFO  resources.base - User Have reached the Favorites after clicking on the Favorites Link from the footer of the page
03:40:13.773 [main] INFO  resources.base - User has clicked on the Track button from the header of the page
03:40:33.783 [main] INFO  resources.base - User have reached the Track page after clicking on the Track button from the header of the page
03:40:43.127 [main] INFO  resources.base - User has clicked on the order button from the header of the page
03:40:53.127 [main] INFO  resources.base - User have reached the Order page after clicking on the Order button from the header of the page
03:41:03.871 [main] INFO  resources.base - User has clicked on the Purchase Analysis button from the header of the page
03:41:33.895 [main] INFO  resources.base - User have reached the Purchase Analysis page after clicking on the Purchase Analysis button from the header of the page
03:41:44.459 [main] INFO  resources.base - User have clicked on email icon on purchase analysis Page
03:41:44.691 [main] INFO  resources.base - User have entered the email on email field at purchase analysis Page
03:41:46.234 [main] INFO  resources.base - User have click on Send button at email popup screen at purchase analysis Page
03:42:07.296 [main] INFO  resources.base - User has clicked on the Calendar button from the header of the page
03:42:07.316 [main] INFO  resources.base - User have reached the  Calendar page after clicking on the Calendar button from the header of the page
03:42:36.207 [main] INFO  resources.base - User has clicked on the Saved Report icon from the header of the page
03:42:36.212 [main] INFO  resources.base - User have reached the  Saved Report page after clicking on the Saved Report icon from the header of the page
03:42:45.738 [main] INFO  resources.base - user is searching printer using the search textbox
03:58:00.830 [main] INFO  resources.base - User Have Successfully Login To The Home Page
04:03:07.342 [main] INFO  resources.base - user is searching printer using the search textbox
04:03:27.359 [main] INFO  resources.base - User Have Successfully reached the printer search listing page
04:03:27.709 [main] INFO  resources.base - Search result data is Appearing on the Search Result Page
04:24:29.166 [main] INFO  resources.base - User has clicked on the Standard Catalog Navigation button from header
04:24:35.172 [main] INFO  resources.base - User Have reached the Standard Catalog Page
04:58:31.083 [main] INFO  resources.base - User Have Successfully Login To The Home Page
04:59:01.224 [main] INFO  resources.base - User Have Successfully reached the favorites Page
04:59:21.556 [main] ERROR resources.base - Favorite page not Open
04:59:21.559 [main] ERROR resources.base - Unable to locate element: (//a[@class='btn'])[2]
For documentation on this error, please visit: http://seleniumhq.org/exceptions/no_such_element.html
Build info: version: '3.4.0', revision: 'unknown', time: 'unknown'
System info: host: 'DESKTOP-GAH683G', ip: '10.0.2.15', os.name: 'Windows 10', os.arch: 'amd64', os.version: '10.0', java.version: '9.0.1'
Driver info: org.openqa.selenium.firefox.FirefoxDriver
Capabilities [{moz:profile=C:\Users\bilaw\AppData\Local\Temp\rust_mozprofile.wNOmburjSVnk, rotatable=false, timeouts={implicit=0.0, pageLoad=300000.0, script=30000.0}, pageLoadStrategy=normal, moz:headless=false, platform=ANY, moz:accessibilityChecks=false, acceptInsecureCerts=false, browserVersion=57.0a1, platformVersion=10.0, moz:processID=8660.0, browserName=firefox, javascriptEnabled=true, platformName=windows_nt, moz:webdriverClick=false}]
Session ID: b393264c-79d4-42ed-b46b-be77c1fe5f10
*** Element info: {Using=xpath, value=(//a[@class='btn'])[2]}
04:59:21.909 [main] INFO  resources.base - user is searching printer using the search textbox
04:59:41.910 [main] INFO  resources.base - User Have Successfully reached the printer search listing page
04:59:45.362 [main] INFO  resources.base - Search result data is Appearing on the Search Result Page
12:13:28.299 [main] INFO  resources.base - User has clicked on the Standard Catalog Navigation button from header
12:14:24.503 [main] INFO  resources.base - User Have Successfully Login To The Home Page
12:15:05.280 [main] INFO  resources.base - Recently Viewed Page is Opened
12:15:12.440 [main] INFO  resources.base - User has clicked the Logo from the footer of the page
12:15:12.456 [main] INFO  resources.base - User Have reached the Home Page clicking on the footer Logo
12:15:20.424 [main] INFO  resources.base - User has clicked on the My Profile page from My Account dropdown
12:15:20.424 [main] INFO  resources.base - User has clicked on the My Profile page from My Account dropdown
12:15:26.925 [main] INFO  resources.base - User has clicked on the My Profile page from My Account dropdown
12:15:33.396 [main] INFO  resources.base - User has clicked the Logo from the header of the page
12:15:33.407 [main] INFO  resources.base - User Have reached the Home Page clicking on the Header Logo
12:15:43.741 [main] INFO  resources.base - User has clicked on the Standard Catalog Navigation button from header
12:15:49.747 [main] INFO  resources.base - User Have reached the Standard Catalog Page
12:16:10.472 [main] INFO  resources.base - User has clicked on the 1st Standard Product appearing and reached the PDP Page
12:16:29.143 [main] INFO  resources.base - User has clicked on All Product Nevigation button from the header
12:16:34.159 [main] INFO  resources.base - User Have reached the All Product Page
12:17:06.674 [main] INFO  resources.base - User has clicked on Audio Cables Category From All Products Page
12:17:06.674 [main] INFO  resources.base - User Have reached the Audio Cables Category Page
12:17:21.440 [main] INFO  resources.base - User has clicked on Resouces link from the header
12:17:21.440 [main] INFO  resources.base - User Have reached the Resources Page
12:17:30.597 [main] INFO  resources.base - User has clicked on Special Offer Link from the header
12:17:30.627 [main] INFO  resources.base - User Have reached the Special Offer Page
12:17:37.799 [main] INFO  resources.base - User has clicked on Cart Icon from the header
12:17:37.815 [main] INFO  resources.base - User Have reached the Shopping Cart Page
12:17:45.049 [main] INFO  resources.base - User has clicked on the Standard Catalog Link from the footer of the page
12:17:45.049 [main] INFO  resources.base - User Have reached the Standard Product page after clicking on the Standard Catalog Link from the footer of the page
12:17:49.299 [main] INFO  resources.base - User has clicked on the All product Link from the footer of the page
12:17:49.315 [main] INFO  resources.base - User Have reached the All Product page after clicking on the Standard Catalog Link from the footer of the page
12:17:58.341 [main] INFO  resources.base - User has clicked on the resources  Link from the footer of the page
12:17:58.346 [main] INFO  resources.base - User Have reached the resources page after clicking on the resources Link from the footer of the page
12:18:05.825 [main] INFO  resources.base - User has clicked on the Special offer Link from the footer of the page
12:18:05.831 [main] INFO  resources.base - User Have reached the Special offer after clicking on the Special offer Link from the footer of the page
12:18:12.003 [main] INFO  resources.base - User has clicked on the Special offer Link from the footer of the page
12:18:12.003 [main] INFO  resources.base - User Have reached the Favorites after clicking on the Favorites Link from the footer of the page
12:18:17.491 [main] INFO  resources.base - User has clicked on the Track button from the header of the page
12:18:37.496 [main] INFO  resources.base - User have reached the Track page after clicking on the Track button from the header of the page
12:18:46.455 [main] INFO  resources.base - User has clicked on the order button from the header of the page
12:18:56.456 [main] INFO  resources.base - User have reached the Order page after clicking on the Order button from the header of the page
12:19:09.773 [main] INFO  resources.base - User has clicked on the Purchase Analysis button from the header of the page
12:19:39.780 [main] INFO  resources.base - User have reached the Purchase Analysis page after clicking on the Purchase Analysis button from the header of the page
12:19:50.275 [main] INFO  resources.base - User have clicked on email icon on purchase analysis Page
12:19:50.846 [main] INFO  resources.base - User have entered the email on email field at purchase analysis Page
12:19:52.132 [main] INFO  resources.base - User have click on Send button at email popup screen at purchase analysis Page
12:20:07.659 [main] INFO  resources.base - User has clicked on the Calendar button from the header of the page
12:20:07.659 [main] INFO  resources.base - User have reached the  Calendar page after clicking on the Calendar button from the header of the page
12:20:26.237 [main] INFO  resources.base - User has clicked on the Saved Report icon from the header of the page
12:20:26.237 [main] INFO  resources.base - User have reached the  Saved Report page after clicking on the Saved Report icon from the header of the page
12:20:31.789 [main] INFO  resources.base - user is searching printer using the search textbox
12:25:18.112 [main] INFO  resources.base - User Have Successfully Login To The Home Page
12:26:01.455 [main] INFO  resources.base - User Have Successfully reached the favorites Page
12:26:21.835 [main] ERROR resources.base - Favorite page not Open
12:26:21.835 [main] ERROR resources.base - Unable to locate element: (//a[@class='btn'])[2]
For documentation on this error, please visit: http://seleniumhq.org/exceptions/no_such_element.html
Build info: version: '3.4.0', revision: 'unknown', time: 'unknown'
System info: host: 'DESKTOP-GAH683G', ip: '10.0.2.15', os.name: 'Windows 10', os.arch: 'amd64', os.version: '10.0', java.version: '9.0.1'
Driver info: org.openqa.selenium.firefox.FirefoxDriver
Capabilities [{moz:profile=C:\Users\bilaw\AppData\Local\Temp\rust_mozprofile.LU4vt7E6MF6E, rotatable=false, timeouts={implicit=0.0, pageLoad=300000.0, script=30000.0}, pageLoadStrategy=normal, moz:headless=false, platform=ANY, moz:accessibilityChecks=false, acceptInsecureCerts=false, browserVersion=57.0a1, platformVersion=10.0, moz:processID=3468.0, browserName=firefox, javascriptEnabled=true, platformName=windows_nt, moz:webdriverClick=false}]
Session ID: 57e9c68e-5eb8-453b-80aa-7d3ca6a7c2f2
*** Element info: {Using=xpath, value=(//a[@class='btn'])[2]}
12:26:22.143 [main] INFO  resources.base - user is searching printer using the search textbox
12:26:42.144 [main] INFO  resources.base - User Have Successfully reached the printer search listing page
12:26:44.299 [main] INFO  resources.base - Search result data is Appearing on the Search Result Page
12:27:25.827 [main] INFO  resources.base - User has clicked on Add to Cart on First Searched Product
12:27:34.426 [main] INFO  resources.base - Product 1 is successfully added to Cart
12:27:34.807 [main] INFO  resources.base - User has closed the Add to Cart Modal after adding 1st product to cart
12:27:40.157 [main] INFO  resources.base - User has clicked on Add to Favorites on First Searched Product
12:27:50.176 [main] ERROR resources.base - Product is not added to favorites
12:27:50.176 [main] ERROR resources.base - Unable to locate element: //*[@id='products-content']/div/div[2]/div/div/div[1]/h4
For documentation on this error, please visit: http://seleniumhq.org/exceptions/no_such_element.html
Build info: version: '3.4.0', revision: 'unknown', time: 'unknown'
System info: host: 'DESKTOP-GAH683G', ip: '10.0.2.15', os.name: 'Windows 10', os.arch: 'amd64', os.version: '10.0', java.version: '9.0.1'
Driver info: org.openqa.selenium.firefox.FirefoxDriver
Capabilities [{moz:profile=C:\Users\bilaw\AppData\Local\Temp\rust_mozprofile.LU4vt7E6MF6E, rotatable=false, timeouts={implicit=0.0, pageLoad=300000.0, script=30000.0}, pageLoadStrategy=normal, moz:headless=false, platform=ANY, moz:accessibilityChecks=false, acceptInsecureCerts=false, browserVersion=57.0a1, platformVersion=10.0, moz:processID=3468.0, browserName=firefox, javascriptEnabled=true, platformName=windows_nt, moz:webdriverClick=false}]
Session ID: 57e9c68e-5eb8-453b-80aa-7d3ca6a7c2f2
*** Element info: {Using=xpath, value=//*[@id='products-content']/div/div[2]/div/div/div[1]/h4}
12:28:15.190 [main] INFO  resources.base - User Have Successfully reached the PDP Page
12:28:20.596 [main] INFO  resources.base - Recently Viewed Page is Opened
12:28:31.758 [main] INFO  resources.base - User has clicked the Logo from the footer of the page
12:28:31.764 [main] INFO  resources.base - User Have reached the Home Page clicking on the footer Logo
12:28:44.362 [main] INFO  resources.base - User has clicked on the My Profile page from My Account dropdown
12:28:44.403 [main] INFO  resources.base - User has clicked on the My Profile page from My Account dropdown
12:28:50.894 [main] INFO  resources.base - User has clicked on the My Profile page from My Account dropdown
12:28:59.174 [main] INFO  resources.base - User has clicked the Logo from the header of the page
12:28:59.174 [main] INFO  resources.base - User Have reached the Home Page clicking on the Header Logo
12:29:06.909 [main] INFO  resources.base - User has clicked on the Standard Catalog Navigation button from header
12:29:12.925 [main] INFO  resources.base - User Have reached the Standard Catalog Page
12:29:30.675 [main] INFO  resources.base - User has clicked on the 1st Standard Product appearing and reached the PDP Page
12:29:51.331 [main] INFO  resources.base - User has clicked on All Product Nevigation button from the header
12:29:56.331 [main] INFO  resources.base - User Have reached the All Product Page
12:30:21.455 [main] INFO  resources.base - User has clicked on Audio Cables Category From All Products Page
12:30:21.471 [main] INFO  resources.base - User Have reached the Audio Cables Category Page
12:30:38.768 [main] INFO  resources.base - User has clicked on Resouces link from the header
12:30:38.776 [main] INFO  resources.base - User Have reached the Resources Page
12:30:54.113 [main] INFO  resources.base - User has clicked on Special Offer Link from the header
12:30:54.121 [main] INFO  resources.base - User Have reached the Special Offer Page
12:31:00.597 [main] INFO  resources.base - User has clicked on Cart Icon from the header
12:31:00.597 [main] INFO  resources.base - User Have reached the Shopping Cart Page
12:31:05.221 [main] INFO  resources.base - User has clicked on remove link for the 1st product
12:31:10.300 [main] INFO  resources.base - User Have successfull removed the first product
12:32:00.315 [main] INFO  resources.base - User has clicked the Logo from the header of the page
12:32:00.369 [main] INFO  resources.base - User Have reached the Home Page clicking on the Header Logo
12:32:05.128 [main] INFO  resources.base - User has clicked the Logo from the footer of the page
12:32:05.128 [main] INFO  resources.base - User Have reached the Home Page clicking on the footer Logo
12:32:11.706 [main] INFO  resources.base - User has clicked on the Standard Catalog Link from the footer of the page
12:32:11.706 [main] INFO  resources.base - User Have reached the Standard Product page after clicking on the Standard Catalog Link from the footer of the page
12:32:17.622 [main] INFO  resources.base - User has clicked on the All product Link from the footer of the page
12:32:17.635 [main] INFO  resources.base - User Have reached the All Product page after clicking on the Standard Catalog Link from the footer of the page
12:32:26.128 [main] INFO  resources.base - User has clicked on the resources  Link from the footer of the page
12:32:26.128 [main] INFO  resources.base - User Have reached the resources page after clicking on the resources Link from the footer of the page
12:32:33.003 [main] INFO  resources.base - User has clicked on the Special offer Link from the footer of the page
12:32:33.003 [main] INFO  resources.base - User Have reached the Special offer after clicking on the Special offer Link from the footer of the page
12:32:38.849 [main] INFO  resources.base - User has clicked on the Special offer Link from the footer of the page
12:32:38.862 [main] INFO  resources.base - User Have reached the Favorites after clicking on the Favorites Link from the footer of the page
12:32:49.088 [main] INFO  resources.base - User has clicked on the Track button from the header of the page
12:33:09.095 [main] INFO  resources.base - User have reached the Track page after clicking on the Track button from the header of the page
12:33:19.190 [main] INFO  resources.base - User has clicked on the order button from the header of the page
12:33:29.206 [main] INFO  resources.base - User have reached the Order page after clicking on the Order button from the header of the page
12:33:43.034 [main] INFO  resources.base - User has clicked on the Purchase Analysis button from the header of the page
12:33:58.034 [main] INFO  resources.base - User have reached the Purchase Analysis page after clicking on the Purchase Analysis button from the header of the page
12:34:08.503 [main] INFO  resources.base - User have clicked on email icon on purchase analysis Page
12:34:08.705 [main] INFO  resources.base - User have entered the email on email field at purchase analysis Page
12:34:09.883 [main] INFO  resources.base - User have click on Send button at email popup screen at purchase analysis Page
12:34:36.995 [main] INFO  resources.base - User has clicked on the Calendar button from the header of the page
12:34:37.002 [main] INFO  resources.base - User have reached the  Calendar page after clicking on the Calendar button from the header of the page
12:35:23.877 [main] INFO  resources.base - User have reached the expiration report after clicking on the report button from the Calendar page from monthly view tab
12:35:58.128 [main] INFO  resources.base - User has clicked on the Assets report from Report tab
12:36:13.135 [main] INFO  resources.base - User have reached the assets report after clicking on asset link from report tab
12:36:36.546 [main] INFO  resources.base - User has clicked on the Days To Ship report from Report tab
12:36:51.569 [main] INFO  resources.base - User have reached the Days To Ship report after clicking on Days To Ship link from report tab
12:37:32.581 [main] INFO  resources.base - User has clicked on the Saved Report icon from the header of the page
12:37:32.589 [main] INFO  resources.base - User have reached the  Saved Report page after clicking on the Saved Report icon from the header of the page
12:37:38.085 [main] INFO  resources.base - user is searching printer using the search textbox
12:38:22.416 [main] INFO  resources.base - User Have Successfully reached the Compare page
15:20:03.982 [main] INFO  resources.base - User Have Successfully Login To The Home Page
15:20:33.960 [main] INFO  resources.base - User Have Successfully reached the favorites Page
15:21:13.935 [main] INFO  resources.base - user is searching printer using the search textbox
15:21:33.982 [main] INFO  resources.base - User Have Successfully reached the printer search listing page
15:21:36.045 [main] INFO  resources.base - Search result data is Appearing on the Search Result Page
15:22:16.967 [main] INFO  resources.base - User has clicked on Add to Cart on First Searched Product
15:22:25.373 [main] INFO  resources.base - Product 1 is successfully added to Cart
15:22:25.686 [main] INFO  resources.base - User has closed the Add to Cart Modal after adding 1st product to cart
15:22:45.820 [main] INFO  resources.base - User Have Successfully reached the PDP Page
15:22:52.169 [main] INFO  resources.base - Recently Viewed Page is Opened
15:23:00.264 [main] INFO  resources.base - User has clicked the Logo from the footer of the page
15:23:00.279 [main] INFO  resources.base - User Have reached the Home Page clicking on the footer Logo
15:23:09.123 [main] INFO  resources.base - User has clicked on the My Profile page from My Account dropdown
15:23:09.123 [main] INFO  resources.base - User has clicked on the My Profile page from My Account dropdown
15:23:15.928 [main] INFO  resources.base - User has clicked on the My Profile page from My Account dropdown
15:23:25.061 [main] INFO  resources.base - User has clicked the Logo from the header of the page
15:23:25.076 [main] INFO  resources.base - User Have reached the Home Page clicking on the Header Logo
15:23:34.576 [main] INFO  resources.base - User has clicked on the Standard Catalog Navigation button from header
15:23:40.581 [main] INFO  resources.base - User Have reached the Standard Catalog Page
15:23:59.264 [main] INFO  resources.base - User has clicked on the 1st Standard Product appearing and reached the PDP Page
15:24:15.123 [main] INFO  resources.base - User has clicked on All Product Nevigation button from the header
15:24:20.154 [main] INFO  resources.base - User Have reached the All Product Page
15:24:58.576 [main] INFO  resources.base - User has clicked on Audio Cables Category From All Products Page
15:24:58.592 [main] INFO  resources.base - User Have reached the Audio Cables Category Page
15:25:17.091 [main] INFO  resources.base - User has clicked on Resouces link from the header
15:25:17.107 [main] INFO  resources.base - User Have reached the Resources Page
15:25:26.373 [main] INFO  resources.base - User has clicked on Special Offer Link from the header
15:25:26.389 [main] INFO  resources.base - User Have reached the Special Offer Page
15:25:35.216 [main] INFO  resources.base - User has clicked on Cart Icon from the header
15:25:35.216 [main] INFO  resources.base - User Have reached the Shopping Cart Page
15:25:39.186 [main] INFO  resources.base - User has clicked on remove link for the 1st product
15:25:44.779 [main] INFO  resources.base - User Have successfull removed the first product
15:26:38.857 [main] INFO  resources.base - User has clicked the Logo from the header of the page
15:26:38.873 [main] INFO  resources.base - User Have reached the Home Page clicking on the Header Logo
15:26:49.701 [main] INFO  resources.base - User has clicked the Logo from the footer of the page
15:26:49.716 [main] INFO  resources.base - User Have reached the Home Page clicking on the footer Logo
15:26:57.577 [main] INFO  resources.base - User has clicked on the Standard Catalog Link from the footer of the page
15:26:57.591 [main] INFO  resources.base - User Have reached the Standard Product page after clicking on the Standard Catalog Link from the footer of the page
15:27:02.295 [main] INFO  resources.base - User has clicked on the All product Link from the footer of the page
15:27:02.295 [main] INFO  resources.base - User Have reached the All Product page after clicking on the Standard Catalog Link from the footer of the page
15:27:11.549 [main] INFO  resources.base - User has clicked on the resources  Link from the footer of the page
15:27:11.555 [main] INFO  resources.base - User Have reached the resources page after clicking on the resources Link from the footer of the page
15:27:34.227 [main] INFO  resources.base - User has clicked on the Special offer Link from the footer of the page
15:27:34.256 [main] INFO  resources.base - User Have reached the Special offer after clicking on the Special offer Link from the footer of the page
15:27:38.935 [main] INFO  resources.base - User has clicked on the Special offer Link from the footer of the page
15:27:38.935 [main] INFO  resources.base - User Have reached the Favorites after clicking on the Favorites Link from the footer of the page
15:27:44.373 [main] INFO  resources.base - User has clicked on the Track button from the header of the page
15:28:04.379 [main] INFO  resources.base - User have reached the Track page after clicking on the Track button from the header of the page
15:28:20.530 [main] INFO  resources.base - User has clicked on the order button from the header of the page
15:28:30.535 [main] INFO  resources.base - User have reached the Order page after clicking on the Order button from the header of the page
15:28:46.076 [main] INFO  resources.base - User has clicked on the Purchase Analysis button from the header of the page
15:29:01.080 [main] INFO  resources.base - User have reached the Purchase Analysis page after clicking on the Purchase Analysis button from the header of the page
15:29:24.895 [main] INFO  resources.base - User have clicked on email icon on purchase analysis Page
15:29:28.857 [main] INFO  resources.base - User have entered the email on email field at purchase analysis Page
15:29:30.170 [main] INFO  resources.base - User have click on Send button at email popup screen at purchase analysis Page
15:29:44.720 [main] INFO  resources.base - User has clicked on the Calendar button from the header of the page
15:29:44.725 [main] INFO  resources.base - User have reached the  Calendar page after clicking on the Calendar button from the header of the page
15:30:50.986 [main] INFO  resources.base - User have reached the expiration report after clicking on the report button from the Calendar page from monthly view tab
15:31:50.612 [main] INFO  resources.base - User has clicked on the Assets report from Report tab
15:32:05.622 [main] INFO  resources.base - User have reached the assets report after clicking on asset link from report tab
15:32:36.379 [main] INFO  resources.base - User has clicked on the Days To Ship report from Report tab
15:32:51.389 [main] INFO  resources.base - User have reached the Days To Ship report after clicking on Days To Ship link from report tab
15:33:36.061 [main] INFO  resources.base - User has clicked on the Saved Report icon from the header of the page
15:33:36.061 [main] INFO  resources.base - User have reached the  Saved Report page after clicking on the Saved Report icon from the header of the page
15:33:41.467 [main] INFO  resources.base - user is searching printer using the search textbox
15:55:03.701 [main] INFO  resources.base - User Have Successfully Login To The Home Page
15:55:39.858 [main] INFO  resources.base - User Have Successfully reached the favorites Page
15:56:00.295 [main] ERROR resources.base - Favorite page not Open
15:56:00.295 [main] ERROR resources.base - Unable to locate element: (//a[@class='btn'])[2]
For documentation on this error, please visit: http://seleniumhq.org/exceptions/no_such_element.html
Build info: version: '3.4.0', revision: 'unknown', time: 'unknown'
System info: host: 'DESKTOP-GAH683G', ip: '10.0.2.15', os.name: 'Windows 10', os.arch: 'amd64', os.version: '10.0', java.version: '9.0.1'
Driver info: org.openqa.selenium.firefox.FirefoxDriver
Capabilities [{moz:profile=C:\Users\bilaw\AppData\Local\Temp\rust_mozprofile.znIl0foN6Fhl, rotatable=false, timeouts={implicit=0.0, pageLoad=300000.0, script=30000.0}, pageLoadStrategy=normal, moz:headless=false, platform=ANY, moz:accessibilityChecks=false, acceptInsecureCerts=false, browserVersion=57.0a1, platformVersion=10.0, moz:processID=7544.0, browserName=firefox, javascriptEnabled=true, platformName=windows_nt, moz:webdriverClick=false}]
Session ID: 230f91aa-bccc-4246-8c9d-f187d9db28f5
*** Element info: {Using=xpath, value=(//a[@class='btn'])[2]}
15:56:00.608 [main] INFO  resources.base - user is searching printer using the search textbox
15:56:20.623 [main] INFO  resources.base - User Have Successfully reached the printer search listing page
15:56:20.873 [main] INFO  resources.base - Search result data is Appearing on the Search Result Page
15:57:01.999 [main] INFO  resources.base - User has clicked on Add to Cart on First Searched Product
15:57:10.014 [main] INFO  resources.base - Product 1 is successfully added to Cart
15:57:10.351 [main] INFO  resources.base - User has closed the Add to Cart Modal after adding 1st product to cart
15:57:29.686 [main] INFO  resources.base - User Have Successfully reached the PDP Page
15:57:34.608 [main] INFO  resources.base - Recently Viewed Page is Opened
15:57:44.108 [main] INFO  resources.base - User has clicked the Logo from the footer of the page
15:57:44.108 [main] INFO  resources.base - User Have reached the Home Page clicking on the footer Logo
15:57:53.842 [main] INFO  resources.base - User has clicked on the My Profile page from My Account dropdown
15:57:53.842 [main] INFO  resources.base - User has clicked on the My Profile page from My Account dropdown
15:57:59.139 [main] INFO  resources.base - User has clicked on the My Profile page from My Account dropdown
15:58:05.686 [main] INFO  resources.base - User has clicked the Logo from the header of the page
15:58:05.686 [main] INFO  resources.base - User Have reached the Home Page clicking on the Header Logo
15:58:12.570 [main] INFO  resources.base - User has clicked on the Standard Catalog Navigation button from header
15:58:18.582 [main] INFO  resources.base - User Have reached the Standard Catalog Page
15:58:35.260 [main] INFO  resources.base - User has clicked on the 1st Standard Product appearing and reached the PDP Page
15:58:49.936 [main] INFO  resources.base - User has clicked on All Product Nevigation button from the header
15:58:54.937 [main] INFO  resources.base - User Have reached the All Product Page
15:59:17.530 [main] INFO  resources.base - User has clicked on Audio Cables Category From All Products Page
15:59:17.530 [main] INFO  resources.base - User Have reached the Audio Cables Category Page
15:59:32.764 [main] INFO  resources.base - User has clicked on Resouces link from the header
15:59:32.780 [main] INFO  resources.base - User Have reached the Resources Page
15:59:42.217 [main] INFO  resources.base - User has clicked on Special Offer Link from the header
15:59:42.233 [main] INFO  resources.base - User Have reached the Special Offer Page
15:59:51.046 [main] INFO  resources.base - User has clicked on Cart Icon from the header
15:59:51.061 [main] INFO  resources.base - User Have reached the Shopping Cart Page
15:59:54.561 [main] INFO  resources.base - User has clicked on remove link for the 1st product
15:59:59.623 [main] INFO  resources.base - User Have successfull removed the first product
16:00:46.390 [main] INFO  resources.base - User has clicked the Logo from the header of the page
16:00:46.390 [main] INFO  resources.base - User Have reached the Home Page clicking on the Header Logo
16:00:52.933 [main] INFO  resources.base - User has clicked the Logo from the footer of the page
16:00:52.940 [main] INFO  resources.base - User Have reached the Home Page clicking on the footer Logo
16:01:02.483 [main] INFO  resources.base - User has clicked on the Standard Catalog Link from the footer of the page
16:01:02.483 [main] INFO  resources.base - User Have reached the Standard Product page after clicking on the Standard Catalog Link from the footer of the page
16:01:06.936 [main] INFO  resources.base - User has clicked on the All product Link from the footer of the page
16:01:06.952 [main] INFO  resources.base - User Have reached the All Product page after clicking on the Standard Catalog Link from the footer of the page
16:01:13.842 [main] INFO  resources.base - User has clicked on the resources  Link from the footer of the page
16:01:13.858 [main] INFO  resources.base - User Have reached the resources page after clicking on the resources Link from the footer of the page
16:01:21.331 [main] INFO  resources.base - User has clicked on the Special offer Link from the footer of the page
16:01:21.342 [main] INFO  resources.base - User Have reached the Special offer after clicking on the Special offer Link from the footer of the page
16:01:29.545 [main] INFO  resources.base - User has clicked on the Special offer Link from the footer of the page
16:01:29.545 [main] INFO  resources.base - User Have reached the Favorites after clicking on the Favorites Link from the footer of the page
16:01:41.428 [main] INFO  resources.base - User has clicked on the Track button from the header of the page
16:02:01.436 [main] INFO  resources.base - User have reached the Track page after clicking on the Track button from the header of the page
16:02:11.561 [main] INFO  resources.base - User has clicked on the order button from the header of the page
16:02:21.562 [main] INFO  resources.base - User have reached the Order page after clicking on the Order button from the header of the page
16:02:37.092 [main] INFO  resources.base - User has clicked on the Purchase Analysis button from the header of the page
16:02:52.093 [main] INFO  resources.base - User have reached the Purchase Analysis page after clicking on the Purchase Analysis button from the header of the page
16:03:05.037 [main] INFO  resources.base - User have clicked on email icon on purchase analysis Page
16:03:05.280 [main] INFO  resources.base - User have entered the email on email field at purchase analysis Page
16:03:06.587 [main] INFO  resources.base - User have click on Send button at email popup screen at purchase analysis Page
16:03:20.490 [main] INFO  resources.base - User has clicked on the Calendar button from the header of the page
16:03:20.498 [main] INFO  resources.base - User have reached the  Calendar page after clicking on the Calendar button from the header of the page
16:04:13.014 [main] INFO  resources.base - User have reached the expiration report after clicking on the report button from the Calendar page from monthly view tab
16:05:04.952 [main] INFO  resources.base - User have reached the expiration report after clicking on the report button from the Calendar page from Detail view tab
16:05:15.514 [main] INFO  resources.base - User has clicked on the Assets report from Report tab
16:05:30.530 [main] INFO  resources.base - User have reached the assets report after clicking on asset link from report tab
16:05:45.971 [main] INFO  resources.base - User has clicked on the Days To Ship report from Report tab
16:06:00.999 [main] INFO  resources.base - User have reached the Days To Ship report after clicking on Days To Ship link from report tab
16:06:18.405 [main] INFO  resources.base - User has clicked on the Saved Report icon from the header of the page
16:06:18.405 [main] INFO  resources.base - User have reached the  Saved Report page after clicking on the Saved Report icon from the header of the page
16:06:24.124 [main] INFO  resources.base - user is searching printer using the search textbox
16:43:36.439 [main] INFO  resources.base - User Have Successfully Login To The Home Page
16:48:38.961 [main] INFO  resources.base - user is searching printer using the search textbox
16:48:58.970 [main] INFO  resources.base - User Have Successfully reached the printer search listing page
16:48:59.846 [main] INFO  resources.base - Search result data is Appearing on the Search Result Page
16:49:40.772 [main] INFO  resources.base - User has clicked on Add to Cart on First Searched Product
16:49:49.545 [main] INFO  resources.base - Product 1 is successfully added to Cart
16:49:49.900 [main] INFO  resources.base - User has closed the Add to Cart Modal after adding 1st product to cart
17:07:23.843 [main] INFO  resources.base - User Have Successfully Login To The Home Page
17:12:32.937 [main] INFO  resources.base - user is searching printer using the search textbox
17:12:52.953 [main] INFO  resources.base - User Have Successfully reached the printer search listing page
17:12:53.265 [main] INFO  resources.base - Search result data is Appearing on the Search Result Page
17:13:34.109 [main] INFO  resources.base - User has clicked on Add to Cart on First Searched Product
17:13:45.484 [main] INFO  resources.base - Product 1 is successfully added to Cart
17:13:45.859 [main] INFO  resources.base - User has closed the Add to Cart Modal after adding 1st product to cart
17:47:24.569 [main] INFO  resources.base - User Have Successfully Login To The Home Page
17:47:57.774 [main] INFO  resources.base - User Have Successfully reached the favorites Page
17:48:18.157 [main] ERROR resources.base - Favorite page not Open
17:48:18.157 [main] ERROR resources.base - Unable to locate element: (//a[@class='btn'])[2]
For documentation on this error, please visit: http://seleniumhq.org/exceptions/no_such_element.html
Build info: version: '3.8.1', revision: '6e95a6684b', time: '2017-12-01T18:33:54.468Z'
System info: host: 'DESKTOP-GAH683G', ip: '10.0.2.15', os.name: 'Windows 10', os.arch: 'amd64', os.version: '10.0', java.version: '9.0.1'
Driver info: org.openqa.selenium.firefox.FirefoxDriver
Capabilities {acceptInsecureCerts: true, browserName: firefox, browserVersion: 57.0a1, javascriptEnabled: true, moz:accessibilityChecks: false, moz:headless: false, moz:processID: 10080, moz:profile: C:\Windows\Temp\rust_mozpro..., moz:webdriverClick: false, pageLoadStrategy: normal, platform: XP, platformName: XP, platformVersion: 10.0, rotatable: false, timeouts: {implicit: 0, pageLoad: 300000, script: 30000}}
Session ID: 52252f8e-fdd0-4bc6-86ac-fe089691b5cb
*** Element info: {Using=xpath, value=(//a[@class='btn'])[2]}
17:48:18.530 [main] INFO  resources.base - user is searching printer using the search textbox
17:48:38.538 [main] INFO  resources.base - User Have Successfully reached the printer search listing page
17:48:42.549 [main] INFO  resources.base - Search result data is Appearing on the Search Result Page
17:49:23.856 [main] INFO  resources.base - User has clicked on Add to Cart on First Searched Product
17:49:36.313 [main] INFO  resources.base - Product 1 is successfully added to Cart
17:49:36.641 [main] INFO  resources.base - User has closed the Add to Cart Modal after adding 1st product to cart
17:49:58.075 [main] INFO  resources.base - User Have Successfully reached the PDP Page
17:50:03.609 [main] INFO  resources.base - Recently Viewed Page is Opened
17:50:15.555 [main] INFO  resources.base - User has clicked the Logo from the footer of the page
17:50:15.564 [main] INFO  resources.base - User Have reached the Home Page clicking on the footer Logo
17:50:25.130 [main] INFO  resources.base - User has clicked on the My Profile page from My Account dropdown
17:50:25.135 [main] INFO  resources.base - User has clicked on the My Profile page from My Account dropdown
17:50:31.375 [main] INFO  resources.base - User has clicked on the My Profile page from My Account dropdown
17:57:22.547 [main] INFO  resources.base - User has clicked on remove link for the 1st product
17:57:27.610 [main] INFO  resources.base - User Have successfull removed the first product
18:02:48.891 [main] INFO  resources.base - User have clicked on email icon on purchase analysis Page
18:02:49.063 [main] INFO  resources.base - User have entered the email on email field at purchase analysis Page
18:02:49.404 [main] INFO  resources.base - User have click on Send button at email popup screen at purchase analysis Page
18:04:00.407 [main] INFO  resources.base - User has clicked on the Assets report from Report tab
18:04:15.408 [main] INFO  resources.base - User have reached the assets report after clicking on asset link from report tab
05:25:26.566 [main] INFO  resources.base - User Have Successfully Login To The Home Page
05:26:00.966 [main] INFO  resources.base - User Have Successfully reached the favorites Page
05:26:21.339 [main] ERROR resources.base - Favorite page not Open
05:26:21.341 [main] ERROR resources.base - Unable to locate element: (//a[@class='btn'])[2]
For documentation on this error, please visit: http://seleniumhq.org/exceptions/no_such_element.html
Build info: version: '3.8.1', revision: '6e95a6684b', time: '2017-12-01T18:33:54.468Z'
System info: host: 'DESKTOP-GAH683G', ip: '10.0.2.15', os.name: 'Windows 10', os.arch: 'amd64', os.version: '10.0', java.version: '9.0.1'
Driver info: org.openqa.selenium.firefox.FirefoxDriver
Capabilities {acceptInsecureCerts: true, browserName: firefox, browserVersion: 57.0a1, javascriptEnabled: true, moz:accessibilityChecks: false, moz:headless: false, moz:processID: 1788, moz:profile: C:\Windows\Temp\rust_mozpro..., moz:webdriverClick: false, pageLoadStrategy: normal, platform: XP, platformName: XP, platformVersion: 10.0, rotatable: false, timeouts: {implicit: 0, pageLoad: 300000, script: 30000}}
Session ID: d1e82811-6b6a-4e1e-9a5f-d3e8e8660be2
*** Element info: {Using=xpath, value=(//a[@class='btn'])[2]}
05:26:21.662 [main] INFO  resources.base - user is searching printer using the search textbox
05:26:41.672 [main] INFO  resources.base - User Have Successfully reached the printer search listing page
05:26:45.013 [main] INFO  resources.base - Search result data is Appearing on the Search Result Page
05:27:26.089 [main] INFO  resources.base - User has clicked on Add to Cart on First Searched Product
05:27:37.803 [main] INFO  resources.base - Product 1 is successfully added to Cart
05:27:38.129 [main] INFO  resources.base - User has closed the Add to Cart Modal after adding 1st product to cart
05:27:58.431 [main] INFO  resources.base - User Have Successfully reached the PDP Page
05:28:03.774 [main] INFO  resources.base - Recently Viewed Page is Opened
05:36:35.482 [main] INFO  resources.base - User has clicked on remove link for the 1st product
05:36:40.559 [main] INFO  resources.base - User Have successfull removed the first product
05:39:26.350 [main] INFO  resources.base - User has clicked on the Track button from the header of the page
05:39:46.355 [main] INFO  resources.base - User have reached the Track page after clicking on the Track button from the header of the page
05:40:42.201 [main] INFO  resources.base - User has clicked on the Purchase Analysis button from the header of the page
05:40:57.216 [main] INFO  resources.base - User have reached the Purchase Analysis page after clicking on the Purchase Analysis button from the header of the page
05:41:07.856 [main] INFO  resources.base - User have clicked on email icon on purchase analysis Page
05:41:08.169 [main] INFO  resources.base - User have entered the email on email field at purchase analysis Page
05:41:08.607 [main] INFO  resources.base - User have click on Send button at email popup screen at purchase analysis Page
05:42:19.559 [main] INFO  resources.base - User has clicked on the Assets report from Report tab
05:42:34.576 [main] INFO  resources.base - User have reached the assets report after clicking on asset link from report tab
05:52:14.674 [main] INFO  resources.base - User Have Successfully Login To The Home Page
05:52:40.291 [main] INFO  resources.base - User Have Successfully reached the favorites Page
05:53:00.654 [main] ERROR resources.base - Favorite page not Open
05:53:00.656 [main] ERROR resources.base - Unable to locate element: (//a[@class='btn'])[2]
For documentation on this error, please visit: http://seleniumhq.org/exceptions/no_such_element.html
Build info: version: '3.8.1', revision: '6e95a6684b', time: '2017-12-01T18:33:54.468Z'
System info: host: 'DESKTOP-GAH683G', ip: '10.0.2.15', os.name: 'Windows 10', os.arch: 'amd64', os.version: '10.0', java.version: '9.0.1'
Driver info: org.openqa.selenium.firefox.FirefoxDriver
Capabilities {acceptInsecureCerts: true, browserName: firefox, browserVersion: 57.0a1, javascriptEnabled: true, moz:accessibilityChecks: false, moz:headless: false, moz:processID: 8088, moz:profile: C:\Windows\Temp\rust_mozpro..., moz:webdriverClick: false, pageLoadStrategy: normal, platform: XP, platformName: XP, platformVersion: 10.0, rotatable: false, timeouts: {implicit: 0, pageLoad: 300000, script: 30000}}
Session ID: ee6cc30e-22f0-4f3e-8215-d52063d424a8
*** Element info: {Using=xpath, value=(//a[@class='btn'])[2]}
05:53:00.985 [main] INFO  resources.base - user is searching printer using the search textbox
05:53:20.993 [main] INFO  resources.base - User Have Successfully reached the printer search listing page
05:53:22.452 [main] INFO  resources.base - Search result data is Appearing on the Search Result Page
05:54:03.543 [main] INFO  resources.base - User has clicked on Add to Cart on First Searched Product
05:54:11.788 [main] INFO  resources.base - Product 1 is successfully added to Cart
05:54:12.113 [main] INFO  resources.base - User has closed the Add to Cart Modal after adding 1st product to cart
05:54:32.070 [main] INFO  resources.base - User Have Successfully reached the PDP Page
05:54:37.271 [main] INFO  resources.base - Recently Viewed Page is Opened
05:54:47.395 [main] INFO  resources.base - User has clicked the Logo from the footer of the page
05:54:47.401 [main] INFO  resources.base - User Have reached the Home Page clicking on the footer Logo
05:54:57.331 [main] INFO  resources.base - User has clicked on the My Profile page from My Account dropdown
05:54:57.336 [main] INFO  resources.base - User has clicked on the My Profile page from My Account dropdown
05:55:04.033 [main] INFO  resources.base - User has clicked on the My Profile page from My Account dropdown
05:55:13.367 [main] INFO  resources.base - User has clicked the Logo from the header of the page
05:55:13.372 [main] INFO  resources.base - User Have reached the Home Page clicking on the Header Logo
05:55:23.867 [main] INFO  resources.base - User has clicked on the Standard Catalog Navigation button from header
05:55:29.874 [main] INFO  resources.base - User Have reached the Standard Catalog Page
05:55:51.821 [main] INFO  resources.base - User has clicked on the 1st Standard Product appearing and reached the PDP Page
05:56:08.555 [main] INFO  resources.base - User has clicked on All Product Nevigation button from the header
05:56:13.560 [main] INFO  resources.base - User Have reached the All Product Page
05:57:20.988 [main] INFO  resources.base - User has clicked on Resouces link from the header
