15:34:16.113 [main] INFO  resources.base - User has clicked on remove link for the 1st product
15:34:21.191 [main] INFO  resources.base - User Have successfull removed the first product
15:34:41.348 [main] INFO  resources.base - User has clicked the Logo from the header of the page
15:34:41.348 [main] INFO  resources.base - User Have reached the Home Page clicking on the Header Logo
15:34:49.429 [main] INFO  resources.base - User has clicked the Logo from the footer of the page
15:34:49.435 [main] INFO  resources.base - User Have reached the Home Page clicking on the footer Logo
15:34:55.895 [main] INFO  resources.base - User has clicked on the Standard Catalog Link from the footer of the page
15:34:55.910 [main] INFO  resources.base - User Have reached the Standard Product page after clicking on the Standard Catalog Link from the footer of the page
15:35:00.129 [main] INFO  resources.base - User has clicked on the All product Link from the footer of the page
15:35:00.129 [main] INFO  resources.base - User Have reached the All Product page after clicking on the Standard Catalog Link from the footer of the page
15:35:13.347 [main] INFO  resources.base - User has clicked on the resources  Link from the footer of the page
15:35:13.347 [main] INFO  resources.base - User Have reached the resources page after clicking on the resources Link from the footer of the page
15:35:21.832 [main] INFO  resources.base - User has clicked on the Special offer Link from the footer of the page
15:35:21.832 [main] INFO  resources.base - User Have reached the Special offer after clicking on the Special offer Link from the footer of the page
15:35:26.676 [main] INFO  resources.base - User has clicked on the Special offer Link from the footer of the page
15:35:26.676 [main] INFO  resources.base - User Have reached the Favorites after clicking on the Favorites Link from the footer of the page
15:35:32.088 [main] INFO  resources.base - User has clicked on the Track button from the header of the page
15:35:52.113 [main] INFO  resources.base - User have reached the Track page after clicking on the Track button from the header of the page
15:36:02.487 [main] INFO  resources.base - User has clicked on the order button from the header of the page
15:36:12.504 [main] INFO  resources.base - User have reached the Order page after clicking on the Order button from the header of the page
15:36:31.332 [main] INFO  resources.base - User has clicked on the Purchase Analysis button from the header of the page
15:37:01.332 [main] INFO  resources.base - User have reached the Purchase Analysis page after clicking on the Purchase Analysis button from the header of the page
15:37:13.285 [main] INFO  resources.base - User have clicked on email icon on purchase analysis Page
15:37:13.598 [main] INFO  resources.base - User have entered the email on email field at purchase analysis Page
15:37:15.075 [main] INFO  resources.base - User have click on Send button at email popup screen at purchase analysis Page
15:37:28.436 [main] INFO  resources.base - User has clicked on the Calendar button from the header of the page
15:37:28.441 [main] INFO  resources.base - User have reached the  Calendar page after clicking on the Calendar button from the header of the page
15:38:19.863 [main] INFO  resources.base - User have reached the expiration report after clicking on the report button from the Calendar page from monthly view tab
15:38:55.301 [main] INFO  resources.base - User have reached the expiration report after clicking on the report button from the Calendar page from Detail view tab
15:38:56.645 [main] INFO  resources.base - User has clicked on the Assets report from Report tab
15:39:11.660 [main] INFO  resources.base - User have reached the assets report after clicking on asset link from report tab
15:39:42.332 [main] INFO  resources.base - User has clicked on the Saved Report icon from the header of the page
15:39:42.332 [main] INFO  resources.base - User have reached the  Saved Report page after clicking on the Saved Report icon from the header of the page
15:39:43.457 [main] INFO  resources.base - user is searching printer using the search textbox
15:40:20.301 [main] INFO  resources.base - User Have Successfully reached the Compare page
15:45:56.472 [main] INFO  resources.base - User Have Successfully Login To The Home Page
15:46:14.495 [main] INFO  resources.base - User Have Successfully reached the favorites Page
15:46:58.629 [main] INFO  resources.base - user is searching printer using the search textbox
15:47:18.638 [main] INFO  resources.base - User Have Successfully reached the printer search listing page
15:47:20.114 [main] INFO  resources.base - Search result data is Appearing on the Search Result Page
15:48:01.191 [main] INFO  resources.base - User has clicked on Add to Cart on First Searched Product
15:48:10.979 [main] INFO  resources.base - Product 1 is successfully added to Cart
15:48:11.333 [main] INFO  resources.base - User has closed the Add to Cart Modal after adding 1st product to cart
15:48:16.644 [main] INFO  resources.base - User has clicked on Add to Favorites on First Searched Product
15:48:21.169 [main] INFO  resources.base - Product is successfully added to favorites
15:48:22.520 [main] INFO  resources.base - User has Close Add to Favorites Dialog box
15:48:42.076 [main] INFO  resources.base - User Have Successfully reached the PDP Page
15:48:48.033 [main] INFO  resources.base - Recently Viewed Page is Opened
15:48:56.082 [main] INFO  resources.base - User has clicked the Logo from the footer of the page
15:48:56.113 [main] INFO  resources.base - User Have reached the Home Page clicking on the footer Logo
15:49:05.739 [main] INFO  resources.base - User has clicked on the My Profile page from My Account dropdown
15:49:05.754 [main] INFO  resources.base - User has clicked on the My Profile page from My Account dropdown
15:49:13.004 [main] INFO  resources.base - User has clicked on the My Profile page from My Account dropdown
15:49:27.379 [main] INFO  resources.base - User has clicked the Logo from the header of the page
15:49:27.379 [main] INFO  resources.base - User Have reached the Home Page clicking on the Header Logo
15:49:34.457 [main] INFO  resources.base - User has clicked on the Standard Catalog Navigation button from header
15:49:34.457 [main] INFO  resources.base - User Have reached the Standard Catalog Page
15:50:08.182 [main] INFO  resources.base - User has clicked on the 1st Standard Product appearing and reached the PDP Page
15:51:07.266 [main] INFO  resources.base - User has clicked on All Product Nevigation button from the header
15:51:12.272 [main] INFO  resources.base - User Have reached the All Product Page
15:51:31.358 [main] INFO  resources.base - User has clicked on Audio Cables Category From All Products Page
15:51:31.363 [main] INFO  resources.base - User Have reached the Audio Cables Category Page
15:51:56.348 [main] INFO  resources.base - User has clicked on Resouces link from the header
15:51:56.364 [main] INFO  resources.base - User Have reached the Resources Page
15:52:06.720 [main] INFO  resources.base - User has clicked on Special Offer Link from the header
15:52:06.725 [main] INFO  resources.base - User Have reached the Special Offer Page
15:52:19.893 [main] INFO  resources.base - User has clicked on Cart Icon from the header
15:52:19.896 [main] INFO  resources.base - User Have reached the Shopping Cart Page
15:52:23.301 [main] INFO  resources.base - User has clicked on remove link for the 1st product
15:52:28.365 [main] INFO  resources.base - User Have successfull removed the first product
15:52:45.897 [main] INFO  resources.base - User has clicked the Logo from the header of the page
15:52:45.904 [main] INFO  resources.base - User Have reached the Home Page clicking on the Header Logo
15:53:01.105 [main] INFO  resources.base - User has clicked the Logo from the footer of the page
15:53:01.112 [main] INFO  resources.base - User Have reached the Home Page clicking on the footer Logo
15:53:08.269 [main] INFO  resources.base - User has clicked on the Standard Catalog Link from the footer of the page
15:53:08.274 [main] INFO  resources.base - User Have reached the Standard Product page after clicking on the Standard Catalog Link from the footer of the page
15:53:13.420 [main] INFO  resources.base - User has clicked on the All product Link from the footer of the page
15:53:13.424 [main] INFO  resources.base - User Have reached the All Product page after clicking on the Standard Catalog Link from the footer of the page
15:53:31.080 [main] INFO  resources.base - User has clicked on the resources  Link from the footer of the page
15:53:31.084 [main] INFO  resources.base - User Have reached the resources page after clicking on the resources Link from the footer of the page
15:53:40.825 [main] INFO  resources.base - User has clicked on the Special offer Link from the footer of the page
15:53:40.833 [main] INFO  resources.base - User Have reached the Special offer after clicking on the Special offer Link from the footer of the page
15:53:46.294 [main] INFO  resources.base - User has clicked on the Special offer Link from the footer of the page
15:53:46.299 [main] INFO  resources.base - User Have reached the Favorites after clicking on the Favorites Link from the footer of the page
15:54:04.156 [main] INFO  resources.base - User has clicked on the Track button from the header of the page
15:54:24.160 [main] INFO  resources.base - User have reached the Track page after clicking on the Track button from the header of the page
15:54:33.864 [main] INFO  resources.base - User has clicked on the order button from the header of the page
15:54:43.869 [main] INFO  resources.base - User have reached the Order page after clicking on the Order button from the header of the page
15:54:55.286 [main] INFO  resources.base - User has clicked on the Purchase Analysis button from the header of the page
15:55:25.302 [main] INFO  resources.base - User have reached the Purchase Analysis page after clicking on the Purchase Analysis button from the header of the page
15:55:39.363 [main] INFO  resources.base - User have clicked on email icon on purchase analysis Page
15:55:39.610 [main] INFO  resources.base - User have entered the email on email field at purchase analysis Page
15:55:41.067 [main] INFO  resources.base - User have click on Send button at email popup screen at purchase analysis Page
15:56:09.087 [main] INFO  resources.base - User has clicked on the Calendar button from the header of the page
15:56:09.095 [main] INFO  resources.base - User have reached the  Calendar page after clicking on the Calendar button from the header of the page
15:57:09.931 [main] INFO  resources.base - User have reached the expiration report after clicking on the report button from the Calendar page from monthly view tab
15:57:48.170 [main] INFO  resources.base - User have reached the expiration report after clicking on the report button from the Calendar page from Detail view tab
15:58:00.849 [main] INFO  resources.base - User has clicked on the Assets report from Report tab
15:58:15.852 [main] INFO  resources.base - User have reached the assets report after clicking on asset link from report tab
15:59:07.450 [main] INFO  resources.base - User has clicked on the Saved Report icon from the header of the page
15:59:07.455 [main] INFO  resources.base - User have reached the  Saved Report page after clicking on the Saved Report icon from the header of the page
15:59:12.589 [main] INFO  resources.base - user is searching printer using the search textbox
16:09:24.614 [main] INFO  resources.base - User Have Successfully Login To The Home Page
16:09:39.973 [main] INFO  resources.base - User Have Successfully reached the favorites Page
16:10:00.487 [main] ERROR resources.base - Favorite page not Open
16:10:00.489 [main] ERROR resources.base - Unable to locate element: (//a[@class='btn'])[2]
For documentation on this error, please visit: http://seleniumhq.org/exceptions/no_such_element.html
Build info: version: '3.4.0', revision: 'unknown', time: 'unknown'
System info: host: 'DESKTOP-GAH683G', ip: '10.0.2.15', os.name: 'Windows 10', os.arch: 'amd64', os.version: '10.0', java.version: '9.0.1'
Driver info: org.openqa.selenium.firefox.FirefoxDriver
Capabilities [{moz:profile=C:\Users\bilaw\AppData\Local\Temp\rust_mozprofile.cOPsh4Cl9Nat, rotatable=false, timeouts={implicit=0.0, pageLoad=300000.0, script=30000.0}, pageLoadStrategy=normal, moz:headless=false, platform=ANY, moz:accessibilityChecks=false, acceptInsecureCerts=false, browserVersion=57.0a1, platformVersion=10.0, moz:processID=12120.0, browserName=firefox, javascriptEnabled=true, platformName=windows_nt, moz:webdriverClick=false}]
Session ID: 36cb0fc3-6a35-4be9-a399-034f8cdbe83d
*** Element info: {Using=xpath, value=(//a[@class='btn'])[2]}
16:10:00.833 [main] INFO  resources.base - user is searching printer using the search textbox
16:10:20.848 [main] INFO  resources.base - User Have Successfully reached the printer search listing page
16:10:21.115 [main] INFO  resources.base - Search result data is Appearing on the Search Result Page
16:11:02.020 [main] INFO  resources.base - User has clicked on Add to Cart on First Searched Product
16:11:12.911 [main] INFO  resources.base - Product 1 is successfully added to Cart
16:11:13.259 [main] INFO  resources.base - User has closed the Add to Cart Modal after adding 1st product to cart
16:11:18.590 [main] INFO  resources.base - User has clicked on Add to Favorites on First Searched Product
16:11:28.599 [main] ERROR resources.base - Product is not added to favorites
16:11:28.599 [main] ERROR resources.base - Unable to locate element: //*[@id='products-content']/div/div[2]/div/div/div[1]/h4
For documentation on this error, please visit: http://seleniumhq.org/exceptions/no_such_element.html
Build info: version: '3.4.0', revision: 'unknown', time: 'unknown'
System info: host: 'DESKTOP-GAH683G', ip: '10.0.2.15', os.name: 'Windows 10', os.arch: 'amd64', os.version: '10.0', java.version: '9.0.1'
Driver info: org.openqa.selenium.firefox.FirefoxDriver
Capabilities [{moz:profile=C:\Users\bilaw\AppData\Local\Temp\rust_mozprofile.cOPsh4Cl9Nat, rotatable=false, timeouts={implicit=0.0, pageLoad=300000.0, script=30000.0}, pageLoadStrategy=normal, moz:headless=false, platform=ANY, moz:accessibilityChecks=false, acceptInsecureCerts=false, browserVersion=57.0a1, platformVersion=10.0, moz:processID=12120.0, browserName=firefox, javascriptEnabled=true, platformName=windows_nt, moz:webdriverClick=false}]
Session ID: 36cb0fc3-6a35-4be9-a399-034f8cdbe83d
*** Element info: {Using=xpath, value=//*[@id='products-content']/div/div[2]/div/div/div[1]/h4}
16:32:40.021 [main] INFO  resources.base - User has clicked on the Standard Catalog Navigation button from header
16:32:40.032 [main] ERROR resources.base - User have not reached the Standard Catalog Page after clicking on the Standard Catalog Header button
16:32:40.032 [main] ERROR resources.base - expected [Standard Products - MarkITplace] but found [Shop - MarkITplace]
16:42:52.506 [main] INFO  resources.base - User has clicked on Audio Cables Category From All Products Page
16:42:52.506 [main] ERROR resources.base - User have not reached the Audio Cable Category Page after clicking Audio Cable category from all product page
16:42:52.506 [main] ERROR resources.base - expected [Audio Cables - MarkITplace] but found [All Products - MarkITplace]
16:57:56.226 [main] INFO  resources.base - User has clicked on remove link for the 1st product
16:58:01.334 [main] ERROR resources.base - User is not able to remove the first product
16:58:01.334 [main] ERROR resources.base - expected [false] but found [true]
16:58:01.334 [main] ERROR resources.base - User has got the issue in removing product from cart
17:03:42.226 [main] INFO  resources.base - User Have Successfully Login To The Home Page
17:05:35.179 [main] INFO  resources.base - User Have Successfully Login To The Home Page
17:05:40.541 [main] INFO  resources.base - user is searching printer using the search textbox
17:06:10.757 [main] INFO  resources.base - User Have Successfully reached the Compare page
17:10:01.303 [main] INFO  resources.base - User Have Successfully Login To The Home Page
17:10:06.601 [main] INFO  resources.base - User has clicked on the Track button from the header of the page
17:10:26.601 [main] INFO  resources.base - User have reached the Track page after clicking on the Track button from the header of the page
17:11:54.616 [main] INFO  resources.base - User has clicked on the Assets report from Report tab
17:12:09.616 [main] INFO  resources.base - User have reached the assets report after clicking on asset link from report tab
17:12:33.023 [main] INFO  resources.base - user is searching printer using the search textbox
17:13:13.648 [main] INFO  resources.base - User Have Successfully reached the Compare page
17:21:53.867 [main] INFO  resources.base - User Have Successfully Login To The Home Page
17:21:59.192 [main] INFO  resources.base - User has clicked on the Standard Catalog Navigation button from header
17:21:59.202 [main] ERROR resources.base - User have not reached the Standard Catalog Page after clicking on the Standard Catalog Header button
17:21:59.203 [main] ERROR resources.base - expected [Standard Products - MarkITplace] but found [Shop - MarkITplace]
17:22:20.804 [main] ERROR resources.base - No standard Product found to click
17:22:20.804 [main] ERROR resources.base - expected [HP Officejet Pro 8710 All-in-One - Multifunction printer - MarkITplace] but found [Standard Products - MarkITplace]
17:22:39.395 [main] INFO  resources.base - User has clicked on the Track button from the header of the page
17:22:59.410 [main] INFO  resources.base - User have reached the Track page after clicking on the Track button from the header of the page
17:23:10.319 [main] INFO  resources.base - User has clicked on the Assets report from Report tab
17:23:25.320 [main] INFO  resources.base - User have reached the assets report after clicking on asset link from report tab
17:23:48.601 [main] INFO  resources.base - user is searching printer using the search textbox
17:24:26.320 [main] INFO  resources.base - User Have Successfully reached the Compare page
17:26:32.351 [main] INFO  resources.base - User Have Successfully Login To The Home Page
17:26:43.086 [main] INFO  resources.base - User has clicked on the Standard Catalog Navigation button from header
17:26:53.102 [main] INFO  resources.base - User Have reached the Standard Catalog Page
17:27:26.273 [main] INFO  resources.base - User has clicked on the 1st Standard Product appearing and reached the PDP Page
17:27:55.199 [main] INFO  resources.base - User has clicked on the Track button from the header of the page
17:28:15.211 [main] INFO  resources.base - User have reached the Track page after clicking on the Track button from the header of the page
17:28:33.539 [main] INFO  resources.base - User has clicked on the Assets report from Report tab
17:28:48.548 [main] INFO  resources.base - User have reached the assets report after clicking on asset link from report tab
17:29:11.476 [main] INFO  resources.base - user is searching printer using the search textbox
17:29:51.133 [main] INFO  resources.base - User Have Successfully reached the Compare page
17:36:22.414 [main] INFO  resources.base - User Have Successfully Login To The Home Page
17:36:28.804 [main] INFO  resources.base - User has clicked on the Standard Catalog Navigation button from header
17:36:34.805 [main] INFO  resources.base - User Have reached the Standard Catalog Page
17:44:00.821 [main] INFO  resources.base - User Have Successfully Login To The Home Page
17:59:19.227 [main] INFO  resources.base - User has clicked on the Assets report from Report tab
17:59:34.243 [main] INFO  resources.base - User have reached the assets report after clicking on asset link from report tab
18:04:40.353 [main] INFO  resources.base - user is searching printer using the search textbox
18:14:43.572 [main] INFO  resources.base - User Have Successfully Login To The Home Page
18:14:48.888 [main] INFO  resources.base - User has clicked on the Standard Catalog Navigation button from header
18:14:54.962 [main] INFO  resources.base - User Have reached the Standard Catalog Page
18:20:06.357 [main] INFO  resources.base - User has clicked on the Track button from the header of the page
18:20:26.384 [main] INFO  resources.base - User have reached the Track page after clicking on the Track button from the header of the page
18:20:36.822 [main] INFO  resources.base - User has clicked on the Assets report from Report tab
18:20:51.822 [main] INFO  resources.base - User have reached the assets report after clicking on asset link from report tab
18:25:57.322 [main] INFO  resources.base - user is searching printer using the search textbox
18:26:28.666 [main] INFO  resources.base - User Have Successfully reached the Compare page
11:33:43.839 [main] INFO  resources.base - User Have Successfully Login To The Home Page
11:34:15.089 [main] INFO  resources.base - User has clicked on the Standard Catalog Navigation button from header
12:00:58.665 [main] INFO  resources.base - User Have Successfully Login To The Home Page
12:01:20.075 [main] INFO  resources.base - User has clicked on the Standard Catalog Navigation button from header
12:03:53.787 [main] INFO  resources.base - User Have Successfully Login To The Home Page
12:08:37.197 [main] ERROR resources.base - User has got the issue in removing product from cart
10:08:58.678 [main] INFO  resources.base - User Have Successfully Login To The Home Page
10:09:14.082 [main] INFO  resources.base - User Have Successfully reached the favorites Page
10:09:34.477 [main] ERROR resources.base - Favorite page not Open
10:09:34.479 [main] ERROR resources.base - Unable to locate element: (//a[@class='btn'])[2]
For documentation on this error, please visit: http://seleniumhq.org/exceptions/no_such_element.html
Build info: version: '3.4.0', revision: 'unknown', time: 'unknown'
System info: host: 'DESKTOP-GAH683G', ip: '10.0.2.15', os.name: 'Windows 10', os.arch: 'amd64', os.version: '10.0', java.version: '9.0.1'
Driver info: org.openqa.selenium.firefox.FirefoxDriver
Capabilities [{moz:profile=C:\Users\bilaw\AppData\Local\Temp\rust_mozprofile.IGR3PQ8FsMos, rotatable=false, timeouts={implicit=0.0, pageLoad=300000.0, script=30000.0}, pageLoadStrategy=normal, moz:headless=false, platform=ANY, moz:accessibilityChecks=false, acceptInsecureCerts=false, browserVersion=57.0a1, platformVersion=10.0, moz:processID=3928.0, browserName=firefox, javascriptEnabled=true, platformName=windows_nt, moz:webdriverClick=false}]
Session ID: 4794326c-33d4-4579-9d93-e636c15f0ff9
*** Element info: {Using=xpath, value=(//a[@class='btn'])[2]}
10:09:34.878 [main] INFO  resources.base - user is searching printer using the search textbox
10:09:54.887 [main] INFO  resources.base - User Have Successfully reached the printer search listing page
10:09:56.296 [main] INFO  resources.base - Search result data is Appearing on the Search Result Page
10:10:37.320 [main] INFO  resources.base - User has clicked on Add to Cart on First Searched Product
10:10:46.431 [main] INFO  resources.base - Product 1 is successfully added to Cart
10:10:46.762 [main] INFO  resources.base - User has closed the Add to Cart Modal after adding 1st product to cart
10:10:52.067 [main] INFO  resources.base - User has clicked on Add to Favorites on First Searched Product
10:11:02.089 [main] ERROR resources.base - Product is not added to favorites
10:11:02.089 [main] ERROR resources.base - Unable to locate element: //*[@id='products-content']/div/div[2]/div/div/div[1]/h4
For documentation on this error, please visit: http://seleniumhq.org/exceptions/no_such_element.html
Build info: version: '3.4.0', revision: 'unknown', time: 'unknown'
System info: host: 'DESKTOP-GAH683G', ip: '10.0.2.15', os.name: 'Windows 10', os.arch: 'amd64', os.version: '10.0', java.version: '9.0.1'
Driver info: org.openqa.selenium.firefox.FirefoxDriver
Capabilities [{moz:profile=C:\Users\bilaw\AppData\Local\Temp\rust_mozprofile.IGR3PQ8FsMos, rotatable=false, timeouts={implicit=0.0, pageLoad=300000.0, script=30000.0}, pageLoadStrategy=normal, moz:headless=false, platform=ANY, moz:accessibilityChecks=false, acceptInsecureCerts=false, browserVersion=57.0a1, platformVersion=10.0, moz:processID=3928.0, browserName=firefox, javascriptEnabled=true, platformName=windows_nt, moz:webdriverClick=false}]
Session ID: 4794326c-33d4-4579-9d93-e636c15f0ff9
*** Element info: {Using=xpath, value=//*[@id='products-content']/div/div[2]/div/div/div[1]/h4}
10:11:22.942 [main] ERROR resources.base - User Is Not Able To reached the PDP Page
10:11:22.943 [main] ERROR resources.base - expected [HP Officejet Pro 8710 All-in-One - Multifunction printer - MarkITplace] but found [Printers - MarkITplace]
10:11:29.294 [main] INFO  resources.base - Recently Viewed Page is Opened
10:11:36.297 [main] INFO  resources.base - User has clicked the Logo from the footer of the page
10:11:36.311 [main] INFO  resources.base - User Have reached the Home Page clicking on the footer Logo
10:11:43.491 [main] INFO  resources.base - User has clicked on the My Profile page from My Account dropdown
10:11:43.501 [main] INFO  resources.base - User has clicked on the My Profile page from My Account dropdown
10:11:49.303 [main] INFO  resources.base - User has clicked on the My Profile page from My Account dropdown
10:11:57.398 [main] INFO  resources.base - User has clicked the Logo from the header of the page
10:11:57.409 [main] INFO  resources.base - User Have reached the Home Page clicking on the Header Logo
10:12:06.601 [main] INFO  resources.base - User has clicked on the Standard Catalog Navigation button from header
10:12:12.604 [main] INFO  resources.base - User Have reached the Standard Catalog Page
10:12:33.361 [main] INFO  resources.base - User has clicked on the 1st Standard Product appearing and reached the PDP Page
10:12:52.015 [main] INFO  resources.base - User has clicked on All Product Nevigation button from the header
10:12:57.021 [main] INFO  resources.base - User Have reached the All Product Page
10:13:02.489 [main] INFO  resources.base - User has clicked on Audio Cables Category From All Products Page
10:13:02.494 [main] ERROR resources.base - User have not reached the Audio Cable Category Page after clicking Audio Cable category from all product page
10:13:02.494 [main] ERROR resources.base - expected [Audio Cables - MarkITplace] but found [All Products - MarkITplace]
10:13:17.609 [main] INFO  resources.base - User has clicked on Resouces link from the header
10:13:17.613 [main] INFO  resources.base - User Have reached the Resources Page
10:13:27.455 [main] INFO  resources.base - User has clicked on Special Offer Link from the header
10:13:27.461 [main] INFO  resources.base - User Have reached the Special Offer Page
10:13:35.996 [main] INFO  resources.base - User has clicked on Cart Icon from the header
10:13:36.000 [main] INFO  resources.base - User Have reached the Shopping Cart Page
10:13:39.505 [main] INFO  resources.base - User has clicked on remove link for the 1st product
10:13:44.601 [main] INFO  resources.base - User Have successfull removed the first product
10:13:58.655 [main] INFO  resources.base - User has clicked the Logo from the header of the page
11:28:56.867 [main] INFO  resources.base - User Have Successfully Login To The Home Page
11:29:12.321 [main] INFO  resources.base - User Have Successfully reached the favorites Page
11:29:32.743 [main] ERROR resources.base - Favorite page not Open
11:29:32.743 [main] ERROR resources.base - Unable to locate element: (//a[@class='btn'])[2]
For documentation on this error, please visit: http://seleniumhq.org/exceptions/no_such_element.html
Build info: version: '3.4.0', revision: 'unknown', time: 'unknown'
System info: host: 'DESKTOP-GAH683G', ip: '10.0.2.15', os.name: 'Windows 10', os.arch: 'amd64', os.version: '10.0', java.version: '9.0.1'
Driver info: org.openqa.selenium.firefox.FirefoxDriver
Capabilities [{moz:profile=C:\Users\bilaw\AppData\Local\Temp\rust_mozprofile.hysQJOLg1rMC, rotatable=false, timeouts={implicit=0.0, pageLoad=300000.0, script=30000.0}, pageLoadStrategy=normal, moz:headless=false, platform=ANY, moz:accessibilityChecks=false, acceptInsecureCerts=false, browserVersion=57.0a1, platformVersion=10.0, moz:processID=6492.0, browserName=firefox, javascriptEnabled=true, platformName=windows_nt, moz:webdriverClick=false}]
Session ID: a525638a-79e1-4c10-9b85-835082a86821
*** Element info: {Using=xpath, value=(//a[@class='btn'])[2]}
11:29:33.071 [main] INFO  resources.base - user is searching printer using the search textbox
11:30:27.556 [main] ERROR resources.base - User has got the issue in removing product from cart
11:24:01.734 [main] INFO  resources.base - User Have Successfully Login To The Home Page
11:24:17.141 [main] INFO  resources.base - User Have Successfully reached the favorites Page
11:29:48.360 [main] ERROR resources.base - Favorite page not Open
11:29:48.375 [main] ERROR resources.base - Timeout loading page after 300000ms
Build info: version: '3.4.0', revision: 'unknown', time: 'unknown'
System info: host: 'DESKTOP-GAH683G', ip: '10.0.2.15', os.name: 'Windows 10', os.arch: 'amd64', os.version: '10.0', java.version: '9.0.1'
Driver info: org.openqa.selenium.firefox.FirefoxDriver
Capabilities [{moz:profile=C:\Users\bilaw\AppData\Local\Temp\rust_mozprofile.XcrfW4nRjuCy, rotatable=false, timeouts={implicit=0.0, pageLoad=300000.0, script=30000.0}, pageLoadStrategy=normal, moz:headless=false, platform=ANY, moz:accessibilityChecks=false, acceptInsecureCerts=false, browserVersion=57.0a1, platformVersion=10.0, moz:processID=7628.0, browserName=firefox, javascriptEnabled=true, platformName=windows_nt, moz:webdriverClick=false}]
Session ID: e7c22fef-25ae-435f-918f-8e2c4c063936
11:29:48.812 [main] INFO  resources.base - user is searching printer using the search textbox
11:30:08.813 [main] INFO  resources.base - User Have Successfully reached the printer search listing page
11:30:09.047 [main] INFO  resources.base - Search result data is Appearing on the Search Result Page
11:30:29.907 [main] INFO  resources.base - User has clicked on Add to Cart on First Searched Product
11:30:38.485 [main] INFO  resources.base - Product 1 is successfully added to Cart
11:30:38.810 [main] INFO  resources.base - User has closed the Add to Cart Modal after adding 1st product to cart
11:30:44.125 [main] INFO  resources.base - User has clicked on Add to Favorites on First Searched Product
11:30:47.234 [main] INFO  resources.base - Product is successfully added to favorites
11:30:48.672 [main] INFO  resources.base - User has Close Add to Favorites Dialog box
11:49:15.719 [main] INFO  resources.base - User has clicked the Logo from the header of the page
11:49:25.641 [main] ERROR resources.base - User has got the issue in removing product from cart
11:50:22.579 [main] INFO  resources.base - User Have Successfully Login To The Home Page
11:50:37.673 [main] INFO  resources.base - User Have Successfully reached the favorites Page
11:51:15.344 [main] INFO  resources.base - user is searching printer using the search textbox
11:51:35.344 [main] INFO  resources.base - User Have Successfully reached the printer search listing page
11:51:35.579 [main] INFO  resources.base - Search result data is Appearing on the Search Result Page
11:51:56.438 [main] INFO  resources.base - User has clicked on Add to Cart on First Searched Product
11:52:07.719 [main] INFO  resources.base - Product 1 is successfully added to Cart
11:52:08.157 [main] INFO  resources.base - User has closed the Add to Cart Modal after adding 1st product to cart
11:52:13.522 [main] INFO  resources.base - User has clicked on Add to Favorites on First Searched Product
11:52:19.484 [main] INFO  resources.base - Product is successfully added to favorites
11:52:20.734 [main] INFO  resources.base - User has Close Add to Favorites Dialog box
11:52:34.422 [main] INFO  resources.base - User Have Successfully reached the PDP Page
11:52:39.625 [main] INFO  resources.base - Recently Viewed Page is Opened
11:52:46.673 [main] INFO  resources.base - User has clicked the Logo from the footer of the page
11:52:46.687 [main] INFO  resources.base - User Have reached the Home Page clicking on the footer Logo
11:52:54.641 [main] INFO  resources.base - User has clicked on the My Profile page from My Account dropdown
11:52:54.656 [main] INFO  resources.base - User has clicked on the My Profile page from My Account dropdown
11:53:00.317 [main] INFO  resources.base - User has clicked on the My Profile page from My Account dropdown
11:53:08.567 [main] INFO  resources.base - User has clicked the Logo from the header of the page
11:53:08.575 [main] INFO  resources.base - User Have reached the Home Page clicking on the Header Logo
11:53:19.172 [main] INFO  resources.base - User has clicked on the Standard Catalog Navigation button from header
11:53:25.172 [main] INFO  resources.base - User Have reached the Standard Catalog Page
11:53:46.063 [main] INFO  resources.base - User has clicked on the 1st Standard Product appearing and reached the PDP Page
11:54:01.450 [main] INFO  resources.base - User has clicked on All Product Nevigation button from the header
11:54:06.469 [main] INFO  resources.base - User Have reached the All Product Page
11:54:24.172 [main] INFO  resources.base - User has clicked on Audio Cables Category From All Products Page
11:54:24.188 [main] INFO  resources.base - User Have reached the Audio Cables Category Page
11:54:37.438 [main] INFO  resources.base - User has clicked on Resouces link from the header
11:54:37.453 [main] INFO  resources.base - User Have reached the Resources Page
11:54:47.250 [main] INFO  resources.base - User has clicked on Special Offer Link from the header
11:54:47.250 [main] INFO  resources.base - User Have reached the Special Offer Page
11:54:54.223 [main] INFO  resources.base - User has clicked on Cart Icon from the header
11:54:54.229 [main] INFO  resources.base - User Have reached the Shopping Cart Page
11:54:57.625 [main] INFO  resources.base - User has clicked on remove link for the 1st product
11:55:02.688 [main] INFO  resources.base - User Have successfull removed the first product
11:55:19.428 [main] INFO  resources.base - User has clicked the Logo from the header of the page
11:55:19.435 [main] INFO  resources.base - User Have reached the Home Page clicking on the Header Logo
11:55:26.375 [main] INFO  resources.base - User has clicked the Logo from the footer of the page
11:55:26.375 [main] INFO  resources.base - User Have reached the Home Page clicking on the footer Logo
11:55:35.580 [main] INFO  resources.base - User has clicked on the Standard Catalog Link from the footer of the page
11:55:35.584 [main] INFO  resources.base - User Have reached the Standard Product page after clicking on the Standard Catalog Link from the footer of the page
11:55:39.609 [main] INFO  resources.base - User has clicked on the All product Link from the footer of the page
11:55:39.626 [main] INFO  resources.base - User Have reached the All Product page after clicking on the Standard Catalog Link from the footer of the page
11:55:47.391 [main] INFO  resources.base - User has clicked on the resources  Link from the footer of the page
11:55:47.400 [main] INFO  resources.base - User Have reached the resources page after clicking on the resources Link from the footer of the page
11:55:55.000 [main] INFO  resources.base - User has clicked on the Special offer Link from the footer of the page
11:55:55.000 [main] INFO  resources.base - User Have reached the Special offer after clicking on the Special offer Link from the footer of the page
11:56:07.531 [main] INFO  resources.base - User has clicked on the Special offer Link from the footer of the page
11:56:07.547 [main] INFO  resources.base - User Have reached the Favorites after clicking on the Favorites Link from the footer of the page
11:56:19.235 [main] INFO  resources.base - User has clicked on the Track button from the header of the page
11:56:39.236 [main] INFO  resources.base - User have reached the Track page after clicking on the Track button from the header of the page
11:56:45.922 [main] INFO  resources.base - User has clicked on the order button from the header of the page
11:56:55.938 [main] INFO  resources.base - User have reached the Order page after clicking on the Order button from the header of the page
11:57:06.376 [main] INFO  resources.base - User has clicked on the Purchase Analysis button from the header of the page
11:57:36.391 [main] INFO  resources.base - User have reached the Purchase Analysis page after clicking on the Purchase Analysis button from the header of the page
11:57:46.801 [main] INFO  resources.base - User have clicked on email icon on purchase analysis Page
11:57:46.953 [main] INFO  resources.base - User have entered the email on email field at purchase analysis Page
11:57:48.094 [main] INFO  resources.base - User have click on Send button at email popup screen at purchase analysis Page
11:58:05.906 [main] INFO  resources.base - User has clicked on the Calendar button from the header of the page
11:58:05.906 [main] INFO  resources.base - User have reached the  Calendar page after clicking on the Calendar button from the header of the page
11:58:52.891 [main] INFO  resources.base - User have reached the expiration report after clicking on the report button from the Calendar page from monthly view tab
11:59:32.204 [main] INFO  resources.base - User have reached the expiration report after clicking on the report button from the Calendar page from Detail view tab
11:59:42.860 [main] INFO  resources.base - User has clicked on the Assets report from Report tab
11:59:57.875 [main] INFO  resources.base - User have reached the assets report after clicking on asset link from report tab
12:00:15.891 [main] INFO  resources.base - User has clicked on the Days To Ship report from Report tab
12:00:30.891 [main] INFO  resources.base - User have reached the Days To Ship report after clicking on Days To Ship link from report tab
12:01:02.985 [main] INFO  resources.base - User has clicked on the Saved Report icon from the header of the page
12:01:03.001 [main] INFO  resources.base - User have reached the  Saved Report page after clicking on the Saved Report icon from the header of the page
12:01:08.422 [main] INFO  resources.base - user is searching printer using the search textbox
12:01:47.751 [main] INFO  resources.base - User Have Successfully reached the Compare page
06:13:04.367 [main] INFO  resources.base - User Have Successfully Login To The Home Page
06:13:23.705 [main] INFO  resources.base - User Have Successfully reached the favorites Page
06:14:01.314 [main] INFO  resources.base - user is searching printer using the search textbox
06:14:21.314 [main] INFO  resources.base - User Have Successfully reached the printer search listing page
06:14:24.020 [main] INFO  resources.base - Search result data is Appearing on the Search Result Page
06:14:46.072 [main] INFO  resources.base - User has clicked on Add to Cart on First Searched Product
06:14:54.583 [main] INFO  resources.base - Product 1 is successfully added to Cart
06:14:55.223 [main] INFO  resources.base - User has closed the Add to Cart Modal after adding 1st product to cart
06:15:00.551 [main] INFO  resources.base - User has clicked on Add to Favorites on First Searched Product
06:15:03.877 [main] INFO  resources.base - Product is successfully added to favorites
06:15:05.386 [main] INFO  resources.base - User has Close Add to Favorites Dialog box
06:15:19.767 [main] INFO  resources.base - User Have Successfully reached the PDP Page
06:24:42.198 [main] INFO  resources.base - User has clicked on remove link for the 1st product
06:24:47.281 [main] INFO  resources.base - User Have successfull removed the first product
06:29:28.813 [main] INFO  resources.base - User has clicked on the Purchase Analysis button from the header of the page
06:29:58.818 [main] INFO  resources.base - User have reached the Purchase Analysis page after clicking on the Purchase Analysis button from the header of the page
06:30:09.206 [main] INFO  resources.base - User have clicked on email icon on purchase analysis Page
06:30:09.367 [main] INFO  resources.base - User have entered the email on email field at purchase analysis Page
06:30:09.714 [main] INFO  resources.base - User have click on Send button at email popup screen at purchase analysis Page
06:31:20.676 [main] INFO  resources.base - User has clicked on the Assets report from Report tab
06:31:35.681 [main] INFO  resources.base - User have reached the assets report after clicking on asset link from report tab
06:33:21.470 [main] INFO  resources.base - user is searching printer using the search textbox
07:44:54.581 [main] INFO  resources.base - User Have Successfully Login To The Home Page
07:49:55.215 [main] INFO  resources.base - user is searching printer using the search textbox
07:50:15.222 [main] INFO  resources.base - User Have Successfully reached the printer search listing page
07:50:16.612 [main] INFO  resources.base - Search result data is Appearing on the Search Result Page
07:50:37.566 [main] INFO  resources.base - User has clicked on Add to Cart on First Searched Product
07:50:50.134 [main] INFO  resources.base - Product 1 is successfully added to Cart
07:50:50.457 [main] INFO  resources.base - User has closed the Add to Cart Modal after adding 1st product to cart
07:50:55.753 [main] INFO  resources.base - User has clicked on Add to Favorites on First Searched Product
07:51:05.812 [main] ERROR resources.base - Product is not added to favorites
07:51:05.812 [main] ERROR resources.base - Unable to locate element: //*[@id='products-content']/div/div[2]/div/div/div[1]/h4
For documentation on this error, please visit: http://seleniumhq.org/exceptions/no_such_element.html
Build info: version: '3.8.1', revision: '6e95a6684b', time: '2017-12-01T18:33:54.468Z'
System info: host: 'DESKTOP-GAH683G', ip: '10.0.2.15', os.name: 'Windows 10', os.arch: 'amd64', os.version: '10.0', java.version: '9.0.1'
Driver info: org.openqa.selenium.firefox.FirefoxDriver
Capabilities {acceptInsecureCerts: true, browserName: firefox, browserVersion: 57.0a1, javascriptEnabled: true, moz:accessibilityChecks: false, moz:headless: false, moz:processID: 1772, moz:profile: C:\Windows\Temp\rust_mozpro..., moz:webdriverClick: false, pageLoadStrategy: normal, platform: XP, platformName: XP, platformVersion: 10.0, rotatable: false, timeouts: {implicit: 0, pageLoad: 300000, script: 30000}}
Session ID: 608c0992-42e1-4130-870e-51d4dc1e780e
*** Element info: {Using=xpath, value=//*[@id='products-content']/div/div[2]/div/div/div[1]/h4}
08:12:17.817 [main] INFO  resources.base - User has clicked on the Standard Catalog Navigation button from header
08:12:23.832 [main] INFO  resources.base - User Have reached the Standard Catalog Page
08:22:35.525 [main] INFO  resources.base - User has clicked on Audio Cables Category From All Products Page
08:22:35.529 [main] ERROR resources.base - User have not reached the Audio Cable Category Page after clicking Audio Cable category from all product page
08:22:35.529 [main] ERROR resources.base - expected [Audio Cables - MarkITplace] but found [All Products - MarkITplace]
08:37:40.708 [main] INFO  resources.base - User has clicked on remove link for the 1st product
08:37:45.785 [main] INFO  resources.base - User Have successfull removed the first product
08:53:01.529 [main] INFO  resources.base - User has clicked on the Track button from the header of the page
08:53:21.536 [main] INFO  resources.base - User have reached the Track page after clicking on the Track button from the header of the page
08:58:27.089 [main] INFO  resources.base - User has clicked on the Purchase Analysis button from the header of the page
08:58:57.094 [main] INFO  resources.base - User have reached the Purchase Analysis page after clicking on the Purchase Analysis button from the header of the page
08:59:07.576 [main] INFO  resources.base - User have clicked on email icon on purchase analysis Page
08:59:07.766 [main] INFO  resources.base - User have entered the email on email field at purchase analysis Page
08:59:08.141 [main] INFO  resources.base - User have click on Send button at email popup screen at purchase analysis Page
09:04:29.237 [main] INFO  resources.base - User has clicked on the Assets report from Report tab
09:04:44.242 [main] INFO  resources.base - User have reached the assets report after clicking on asset link from report tab
09:14:50.761 [main] INFO  resources.base - user is searching printer using the search textbox
10:32:44.318 [main] INFO  resources.base - User Have Successfully Login To The Home Page
10:32:59.647 [main] INFO  resources.base - User Have Successfully reached the favorites Page
10:33:20.053 [main] ERROR resources.base - Favorite page not Open
10:33:20.068 [main] ERROR resources.base - Unable to locate element: (//a[@class='btn'])[2]
For documentation on this error, please visit: http://seleniumhq.org/exceptions/no_such_element.html
Build info: version: '3.4.0', revision: 'unknown', time: 'unknown'
System info: host: 'DESKTOP-GAH683G', ip: '10.0.2.15', os.name: 'Windows 10', os.arch: 'amd64', os.version: '10.0', java.version: '9.0.1'
Driver info: org.openqa.selenium.firefox.FirefoxDriver
Capabilities [{moz:profile=C:\Users\bilaw\AppData\Local\Temp\rust_mozprofile.wWULUsvDeJb0, rotatable=false, timeouts={implicit=0.0, pageLoad=300000.0, script=30000.0}, pageLoadStrategy=normal, moz:headless=false, platform=ANY, moz:accessibilityChecks=false, acceptInsecureCerts=false, browserVersion=57.0a1, platformVersion=10.0, moz:processID=10300.0, browserName=firefox, javascriptEnabled=true, platformName=windows_nt, moz:webdriverClick=false}]
Session ID: 42c2ad77-16a7-4fdf-bd61-15e955a30c43
*** Element info: {Using=xpath, value=(//a[@class='btn'])[2]}
10:33:20.427 [main] INFO  resources.base - user is searching printer using the search textbox
10:33:40.428 [main] INFO  resources.base - User Have Successfully reached the printer search listing page
10:33:41.068 [main] INFO  resources.base - Search result data is Appearing on the Search Result Page
10:34:01.974 [main] INFO  resources.base - User has clicked on Add to Cart on First Searched Product
10:34:10.896 [main] INFO  resources.base - Product 1 is successfully added to Cart
10:34:11.258 [main] INFO  resources.base - User has closed the Add to Cart Modal after adding 1st product to cart
10:34:16.553 [main] INFO  resources.base - User has clicked on Add to Favorites on First Searched Product
10:34:26.568 [main] ERROR resources.base - Product is not added to favorites
10:34:26.568 [main] ERROR resources.base - Unable to locate element: //*[@id='products-content']/div/div[2]/div/div/div[1]/h4
For documentation on this error, please visit: http://seleniumhq.org/exceptions/no_such_element.html
Build info: version: '3.4.0', revision: 'unknown', time: 'unknown'
System info: host: 'DESKTOP-GAH683G', ip: '10.0.2.15', os.name: 'Windows 10', os.arch: 'amd64', os.version: '10.0', java.version: '9.0.1'
Driver info: org.openqa.selenium.firefox.FirefoxDriver
Capabilities [{moz:profile=C:\Users\bilaw\AppData\Local\Temp\rust_mozprofile.wWULUsvDeJb0, rotatable=false, timeouts={implicit=0.0, pageLoad=300000.0, script=30000.0}, pageLoadStrategy=normal, moz:headless=false, platform=ANY, moz:accessibilityChecks=false, acceptInsecureCerts=false, browserVersion=57.0a1, platformVersion=10.0, moz:processID=10300.0, browserName=firefox, javascriptEnabled=true, platformName=windows_nt, moz:webdriverClick=false}]
Session ID: 42c2ad77-16a7-4fdf-bd61-15e955a30c43
*** Element info: {Using=xpath, value=//*[@id='products-content']/div/div[2]/div/div/div[1]/h4}
11:30:51.885 [main] ERROR resources.base - User has got the issue in removing product from cart
11:56:07.558 [main] INFO  resources.base - User has clicked on the Purchase Analysis button from the header of the page
11:56:37.570 [main] INFO  resources.base - User have reached the Purchase Analysis page after clicking on the Purchase Analysis button from the header of the page
11:56:47.997 [main] INFO  resources.base - User have clicked on email icon on purchase analysis Page
11:56:48.179 [main] INFO  resources.base - User have entered the email on email field at purchase analysis Page
11:56:48.538 [main] INFO  resources.base - User have click on Send button at email popup screen at purchase analysis Page
12:02:09.351 [main] INFO  resources.base - User has clicked on the Assets report from Report tab
12:02:24.351 [main] INFO  resources.base - User have reached the assets report after clicking on asset link from report tab
12:12:30.780 [main] INFO  resources.base - user is searching printer using the search textbox
12:13:00.617 [main] INFO  resources.base - User Have Successfully reached the Compare page
11:13:09.704 [main] INFO  resources.base - User Have Successfully Login To The Home Page
11:16:12.760 [main] ERROR resources.base - User Is Not Being Able To Login
11:16:12.764 [main] ERROR resources.base - expected [Shop - MarkITplace] but found [Login - MarkITplace]
11:18:07.658 [main] ERROR resources.base - User Is Not Being Able To Login
11:18:07.658 [main] ERROR resources.base - expected [Shop - MarkITplace] but found [Login - MarkITplace]
